<?xml version="1.0" encoding="UTF-8"?>
<!-- Generated by org.testng.reporters.JUnitReportReporter -->
<testsuite skipped="0" hostname="LIN60016199" name="shaadi.Testcases.HomeTest" tests="3" failures="0" timestamp="2021-08-14T13:08:56 IST" time="87.301" errors="0">
  <testcase name="Verify_HomePage" time="42.575" classname="shaadi.Testcases.HomeTest"/>
  <system-out/>
  <testcase name="Verify_PremiumWidget" time="40.307" classname="shaadi.Testcases.HomeTest"/>
  <system-out/>
  <testcase name="Verify_NewMatchesWidget" time="4.419" classname="shaadi.Testcases.HomeTest"/>
  <system-out/>
</testsuite> <!-- shaadi.Testcases.HomeTest -->
