<?xml version="1.0" encoding="UTF-8"?>
<!-- Generated by org.testng.reporters.JUnitReportReporter -->
<testsuite skipped="0" hostname="LIN60016199" name="shaadi.Testcases.LoginTest" tests="1" failures="0" timestamp="2021-08-14T13:08:56 IST" time="14.532" errors="0">
  <testcase name="Verify_Login" time="14.532" classname="shaadi.Testcases.LoginTest"/>
  <system-out/>
</testsuite> <!-- shaadi.Testcases.LoginTest -->
